<?xml version="1.0" encoding="UTF-8"?>
<testsuite failures="0" skipped="0" tests="1" name="Acceptance" time="6.927" errors="0">
<testcase classname="Acceptance.Test" name="Example test case" time="5.491">
</testcase>
</testsuite>
